<?xml version="1.0" encoding="UTF-8"?>
<!-- Generated by org.testng.reporters.JUnitReportReporter -->
<testsuite hostname="Kushalas-MacBook-Pro.local" failures="0" tests="7" name="com.way2sms.qa.testcases.LoginTest" time="94.270" errors="0" timestamp="12 Nov 2018 10:51:31 GMT" skipped="0">
  <testcase classname="com.way2sms.qa.testcases.LoginTest" name="varifyLoginPage" time="13.724"/>
  <testcase classname="com.way2sms.qa.testcases.LoginTest" name="loginWithWrongPass" time="11.876"/>
  <testcase classname="com.way2sms.qa.testcases.LoginTest" name="loginWithInvalidPhoneNumber" time="12.845"/>
  <testcase classname="com.way2sms.qa.testcases.LoginTest" name="loginWithValidPhoneNumberButNotRegistered" time="12.887"/>
  <testcase classname="com.way2sms.qa.testcases.LoginTest" name="loginWithEmptydPhoneNumber" time="12.575"/>
  <testcase classname="com.way2sms.qa.testcases.LoginTest" name="loginWithEmptydPassword" time="12.042"/>
  <testcase classname="com.way2sms.qa.testcases.LoginTest" name="loginWithValidCredentials" time="18.321"/>
</testsuite> <!-- com.way2sms.qa.testcases.LoginTest -->
