<?xml version="1.0" encoding="UTF-8"?>
<!-- Generated by org.testng.reporters.JUnitReportReporter -->
<testsuite hostname="Kushalas-MacBook-Pro.local" failures="0" tests="3" name="com.way2sms.qa.testcases.SendSMSTest" time="117.910" errors="0" timestamp="12 Nov 2018 10:54:05 GMT" skipped="0">
  <testcase classname="com.way2sms.qa.testcases.SendSMSTest" name="sendSmSTest" time="31.405"/>
  <testcase classname="com.way2sms.qa.testcases.SendSMSTest" name="sendLangSms" time="46.071"/>
  <testcase classname="com.way2sms.qa.testcases.SendSMSTest" name="testGrpSms" time="40.434"/>
</testsuite> <!-- com.way2sms.qa.testcases.SendSMSTest -->
